*** Starting uWSGI 2.0.18 (64bit) on [Mon Nov 25 06:07:40 2019] ***
compiled with version: 7.4.0 on 24 November 2019 17:29:43
os: Linux-4.15.0-54-generic #58-Ubuntu SMP Mon Jun 24 10:55:24 UTC 2019
nodename: VM-0-16-ubuntu
machine: x86_64
clock source: unix
detected number of CPU cores: 1
current working directory: /home/ubuntu/Server_Room_Monitor
detected binary path: /usr/local/bin/uwsgi
!!! no internal routing support, rebuild with pcre support !!!
*** WARNING: you are running uWSGI without its master process manager ***
your processes number limit is 7080
your memory page size is 4096 bytes
detected max file descriptor number: 1048576
lock engine: pthread robust mutexes
thunder lock: disabled (you can enable it with --thunder-lock)
uwsgi socket 0 bound to UNIX address /home/ubuntu/Server_Room_Monitor/app_uwsgi.sock fd 3
Python version: 3.6.8 (default, Oct  7 2019, 12:59:55)  [GCC 8.3.0]
Set PythonHome to /home/ubuntu/Server_Room_Monitor/venv
*** Python threads support is disabled. You can enable it with --enable-threads ***
Python main interpreter initialized at 0x5615ecba1b40
your server socket listen backlog is limited to 100 connections
your mercy for graceful operations on workers is 60 seconds
mapped 72904 bytes (71 KB) for 1 cores
*** Operational MODE: single process ***
added /home/ubuntu/Server_Room_Monitor/ to pythonpath.
unable to load app 0 (mountpoint='') (callable not found or import error)
*** no app loaded. going in full dynamic mode ***
*** uWSGI is running in multiple interpreter mode ***
spawned uWSGI worker 1 (and the only) (pid: 13820, cores: 1)
--- no python application found, check your startup logs for errors ---
[pid: 13820|app: -1|req: -1/1] 73.7.243.172 () {44 vars in 821 bytes} [Mon Nov 25 06:08:38 2019] GET / => generated 21 bytes in 1 msecs (HTTP/1.1 500) 2 headers in 83 bytes (1 switches on core 0)
*** Starting uWSGI 2.0.18 (64bit) on [Mon Nov 25 06:15:54 2019] ***
compiled with version: 7.4.0 on 24 November 2019 17:29:43
os: Linux-4.15.0-54-generic #58-Ubuntu SMP Mon Jun 24 10:55:24 UTC 2019
nodename: VM-0-16-ubuntu
machine: x86_64
clock source: unix
detected number of CPU cores: 1
current working directory: /home/ubuntu/Server_Room_Monitor
detected binary path: /usr/local/bin/uwsgi
!!! no internal routing support, rebuild with pcre support !!!
*** WARNING: you are running uWSGI without its master process manager ***
your processes number limit is 7080
your memory page size is 4096 bytes
detected max file descriptor number: 1048576
lock engine: pthread robust mutexes
thunder lock: disabled (you can enable it with --thunder-lock)
uwsgi socket 0 bound to UNIX address /home/ubuntu/Server_Room_Monitor/app_uwsgi.sock fd 3
Python version: 3.6.8 (default, Oct  7 2019, 12:59:55)  [GCC 8.3.0]
Set PythonHome to /home/ubuntu/Server_Room_Monitor/venv
*** Python threads support is disabled. You can enable it with --enable-threads ***
Python main interpreter initialized at 0x55d8686acb40
your server socket listen backlog is limited to 100 connections
your mercy for graceful operations on workers is 60 seconds
mapped 72904 bytes (71 KB) for 1 cores
*** Operational MODE: single process ***
added /home/ubuntu/Server_Room_Monitor/ to pythonpath.
WSGI app 0 (mountpoint='') ready in 1 seconds on interpreter 0x55d8686acb40 pid: 14944 (default app)
*** uWSGI is running in multiple interpreter mode ***
spawned uWSGI worker 1 (and the only) (pid: 14944, cores: 1)
[pid: 14944|app: 0|req: 1/1] 73.7.243.172 () {40 vars in 728 bytes} [Mon Nov 25 06:16:02 2019] GET / => generated 4809 bytes in 1 msecs via sendfile() (HTTP/1.1 200) 8 headers in 307 bytes (1 switches on core 0)
[pid: 14944|app: 0|req: 2/2] 73.7.243.172 () {40 vars in 684 bytes} [Mon Nov 25 06:16:03 2019] GET /static/bkimg2.jpg => generated 12865 bytes in 0 msecs via sendfile() (HTTP/1.1 200) 8 headers in 295 bytes (0 switches on core 0)
{'temp': 48, 'humidity': 38.0}
[pid: 14944|app: 0|req: 3/3] 73.7.243.172 () {42 vars in 673 bytes} [Mon Nov 25 06:16:05 2019] GET /api/gettmp => generated 30 bytes in 1060 msecs (HTTP/1.1 200) 2 headers in 71 bytes (2 switches on core 0)
{'temp': 48, 'humidity': 38.0}
[pid: 14944|app: 0|req: 4/4] 73.7.243.172 () {42 vars in 673 bytes} [Mon Nov 25 06:16:07 2019] GET /api/gettmp => generated 30 bytes in 1596 msecs (HTTP/1.1 200) 2 headers in 71 bytes (2 switches on core 0)
{'temp': 48, 'humidity': 38.0}
[pid: 14944|app: 0|req: 5/5] 73.7.243.172 () {42 vars in 673 bytes} [Mon Nov 25 06:16:09 2019] GET /api/gettmp => generated 30 bytes in 4645 msecs (HTTP/1.1 200) 2 headers in 71 bytes (2 switches on core 0)
{'temp': 48, 'humidity': 38.0}
[pid: 14944|app: 0|req: 6/6] 73.7.243.172 () {42 vars in 673 bytes} [Mon Nov 25 06:16:14 2019] GET /api/gettmp => generated 30 bytes in 2287 msecs (HTTP/1.1 200) 2 headers in 71 bytes (2 switches on core 0)
{'temp': 48, 'humidity': 38.0}
[pid: 14944|app: 0|req: 7/7] 73.7.243.172 () {42 vars in 673 bytes} [Mon Nov 25 06:16:17 2019] GET /api/gettmp => generated 30 bytes in 2274 msecs (HTTP/1.1 200) 2 headers in 71 bytes (2 switches on core 0)
{'temp': 48, 'humidity': 38.0}
[pid: 14944|app: 0|req: 8/8] 73.7.243.172 () {42 vars in 673 bytes} [Mon Nov 25 06:16:19 2019] GET /api/gettmp => generated 30 bytes in 2289 msecs (HTTP/1.1 200) 2 headers in 71 bytes (2 switches on core 0)
{'temp': 48, 'humidity': 38.0}
Mon Nov 25 06:16:24 2019 - SIGPIPE: writing to a closed pipe/socket/fd (probably the client disconnected) on request /api/gettmp (ip 73.7.243.172) !!!
Mon Nov 25 06:16:24 2019 - uwsgi_response_writev_headers_and_body_do(): Broken pipe [core/writer.c line 306] during GET /api/gettmp (73.7.243.172)
OSError: write error
[pid: 14944|app: 0|req: 9/9] 73.7.243.172 () {42 vars in 673 bytes} [Mon Nov 25 06:16:22 2019] GET /api/gettmp => generated 0 bytes in 2306 msecs (HTTP/1.1 200) 2 headers in 0 bytes (1 switches on core 0)
{'temp': 48, 'humidity': 38.0}
Mon Nov 25 06:16:26 2019 - SIGPIPE: writing to a closed pipe/socket/fd (probably the client disconnected) on request /api/gettmp (ip 73.7.243.172) !!!
Mon Nov 25 06:16:26 2019 - uwsgi_response_writev_headers_and_body_do(): Broken pipe [core/writer.c line 306] during GET /api/gettmp (73.7.243.172)
OSError: write error
[pid: 14944|app: 0|req: 10/10] 73.7.243.172 () {42 vars in 673 bytes} [Mon Nov 25 06:16:24 2019] GET /api/gettmp => generated 0 bytes in 2516 msecs (HTTP/1.1 200) 2 headers in 0 bytes (0 switches on core 0)
